<?xml version="1.0" encoding="UTF-8"?>
<testsuite xmlns:xsi="http://www.w3.org/2001/XMLSchema-instance" xsi:noNamespaceSchemaLocation="https://maven.apache.org/surefire/maven-surefire-plugin/xsd/surefire-test-report-3.0.xsd" version="3.0" name="com.itheima.xxydemo.controller.TodoControllerTest" time="3.118" tests="3" errors="0" skipped="0" failures="0">
  <properties>
[...]
</properties>
  <testcase name="createTodoShouldRequireTitle" classname="com.itheima.xxydemo.controller.TodoControllerTest" time="1.091">
    <system-out><![CDATA[21:56:22.725 [main] INFO org.springframework.test.context.support.AnnotationConfigContextLoaderUtils -- Could not detect default configuration classes for test class [com.itheima.xxydemo.controller.TodoControllerTest]: TodoControllerTest does not declare any static, non-private, non-final, nested classes annotated with @Configuration.
21:56:22.858 [main] INFO org.springframework.boot.test.context.SpringBootTestContextBootstrapper -- Found @SpringBootConfiguration com.itheima.xxydemo.XxyDemoApplication for test class com.itheima.xxydemo.controller.TodoControllerTest

  .   ____          _            __ _ _
 /\\ / ___'_ __ _ _(_)_ __  __ _ \ \ \ \
( ( )\___ | '_ | '_| | '_ \/ _` | \ \ \ \
 \\/  ___)| |_)| | | | | || (_| |  ) ) ) )
  '  |____| .__|_| |_|_| |_\__, | / / / /
 =========|_|==============|___/=/_/_/_/

 :: Spring Boot ::                (v3.3.2)

2026-03-06T21:56:23.312+08:00  INFO 26800 --- [xxy-demo] [           main] c.i.x.controller.TodoControllerTest      : Starting TodoControllerTest using Java 21.0.9 with PID 26800 (started by 21677 in E:\java code\xxy-demo)
2026-03-06T21:56:23.313+08:00  INFO 26800 --- [xxy-demo] [           main] c.i.x.controller.TodoControllerTest      : No active profile set, falling back to 1 default profile: "default"
2026-03-06T21:56:24.513+08:00  INFO 26800 --- [xxy-demo] [           main] o.s.b.t.m.w.SpringBootMockServletContext : Initializing Spring TestDispatcherServlet ''
2026-03-06T21:56:24.514+08:00  INFO 26800 --- [xxy-demo] [           main] o.s.t.web.servlet.TestDispatcherServlet  : Initializing Servlet ''
2026-03-06T21:56:24.515+08:00  INFO 26800 --- [xxy-demo] [           main] o.s.t.web.servlet.TestDispatcherServlet  : Completed initialization in 1 ms
2026-03-06T21:56:24.553+08:00  INFO 26800 --- [xxy-demo] [           main] c.i.x.controller.TodoControllerTest      : Started TodoControllerTest in 1.542 seconds (process running for 7.706)
]]></system-out>
    <system-err><![CDATA[WARNING: A Java agent has been loaded dynamically (E:\apache-maven-3.9.4-bin\apache-maven-3.9.4\mvn_repo\net\bytebuddy\byte-buddy-agent\1.14.18\byte-buddy-agent-1.14.18.jar)
WARNING: If a serviceability tool is in use, please run with -XX:+EnableDynamicAgentLoading to hide this warning
WARNING: If a serviceability tool is not in use, please run with -Djdk.instrument.traceUsage for more information
WARNING: Dynamic loading of agents will be disallowed by default in a future release
]]></system-err>
  </testcase>
  <testcase name="indexShouldReturnWelcomeMessageAndTodosCount" classname="com.itheima.xxydemo.controller.TodoControllerTest" time="0.01"/>
  <testcase name="createTodoShouldCreateNewItem" classname="com.itheima.xxydemo.controller.TodoControllerTest" time="0.006"/>
</testsuite>