<?xml version="1.0" encoding="UTF-8"?>
<testsuite xmlns:xsi="http://www.w3.org/2001/XMLSchema-instance" xsi:noNamespaceSchemaLocation="https://maven.apache.org/surefire/maven-surefire-plugin/xsd/surefire-test-report-3.0.xsd" version="3.0" name="com.itheima.xxydemo.web.HelpControllerTest" time="0.016" tests="1" errors="0" skipped="0" failures="0">
  <properties>
[...]
</properties>
  <testcase name="helpPageShouldBePublic" classname="com.itheima.xxydemo.web.HelpControllerTest" time="0.009">
    <system-out><![CDATA[2026-05-14T23:34:39.313+08:00  INFO 61716 --- [           main] t.c.s.AnnotationConfigContextLoaderUtils : Could not detect default configuration classes for test class [com.itheima.xxydemo.web.HelpControllerTest]: HelpControllerTest does not declare any static, non-private, non-final, nested classes annotated with @Configuration.
2026-05-14T23:34:39.316+08:00  INFO 61716 --- [           main] .b.t.c.SpringBootTestContextBootstrapper : Found @SpringBootConfiguration com.itheima.xxydemo.XxyDemoApplication for test class com.itheima.xxydemo.web.HelpControllerTest
]]></system-out>
  </testcase>
</testsuite>